Added Component: Designator=C1(C 0805)
Added Component: Designator=C2(C 0805)
Added Component: Designator=E?(CD A(3216))
Added Component: Designator=E?(CD A(3216))
Added Component: Designator=E?(CD A(3216))
Added Component: Designator=IC1(SOP8_L)
Added Component: Designator=JP1(HDR-1X3)
Added Component: Designator=LED1(LED 3MM-B)
Added Component: Designator=LED2(LED 3MM-B)
Added Component: Designator=LED3(LED 0805G)
Added Component: Designator=LED4(LED 0805G)
Added Component: Designator=R1(R 0805)
Added Component: Designator=R2(R 0805)
Added Component: Designator=R3(R 0805)
Added Component: Designator=R4(R 0805)
Added Component: Designator=R5(R 0805)
Added Component: Designator=RP1(3319P)
Added Pin To Net: NetName=A0 Pin=IC1-1
Added Pin To Net: NetName=A0 Pin=JP1-1
Added Pin To Net: NetName=A0 Pin=R4-1
Added Pin To Net: NetName=A0 Pin=R5-1
Added Net: Name=A0
Added Pin To Net: NetName=GND Pin=C1-1
Added Pin To Net: NetName=GND Pin=C2-1
Added Pin To Net: NetName=GND Pin=IC1-4
Added Pin To Net: NetName=GND Pin=JP1-3
Added Pin To Net: NetName=GND Pin=LED1-2
Added Pin To Net: NetName=GND Pin=LED2-2
Added Pin To Net: NetName=GND Pin=R1-1
Added Pin To Net: NetName=GND Pin=RP1-3
Added Net: Name=GND
Added Pin To Net: NetName=NetC2_2 Pin=C2-2
Added Pin To Net: NetName=NetC2_2 Pin=IC1-3
Added Pin To Net: NetName=NetC2_2 Pin=LED2-1
Added Pin To Net: NetName=NetC2_2 Pin=R3-1
Added Net: Name=NetC2_2
Added Pin To Net: NetName=NetIC1_2 Pin=IC1-2
Added Pin To Net: NetName=NetIC1_2 Pin=RP1-2
Added Net: Name=NetIC1_2
Added Pin To Net: NetName=NetLED1_1 Pin=LED1-1
Added Pin To Net: NetName=NetLED1_1 Pin=R2-1
Added Net: Name=NetLED1_1
Added Pin To Net: NetName=NetLED3_2 Pin=LED3-2
Added Pin To Net: NetName=NetLED3_2 Pin=R1-2
Added Net: Name=NetLED3_2
Added Pin To Net: NetName=NetLED4_2 Pin=LED4-2
Added Pin To Net: NetName=NetLED4_2 Pin=R5-2
Added Net: Name=NetLED4_2
Added Pin To Net: NetName=VCC Pin=C1-2
Added Pin To Net: NetName=VCC Pin=IC1-8
Added Pin To Net: NetName=VCC Pin=JP1-2
Added Pin To Net: NetName=VCC Pin=LED3-1
Added Pin To Net: NetName=VCC Pin=LED4-1
Added Pin To Net: NetName=VCC Pin=R2-2
Added Pin To Net: NetName=VCC Pin=R3-2
Added Pin To Net: NetName=VCC Pin=R4-2
Added Pin To Net: NetName=VCC Pin=RP1-1
Added Net: Name=VCC
Added Class: Name=原理图
Added Room: Name=原理图
